14-07-2023  13:06:06 GET /auth 200 8.520 ms curl/7.81.0
14-07-2023  18:03:09 POST /auth/register 404 50.861 ms PostmanRuntime/7.32.3
14-07-2023  18:05:43 POST /auth/register 201 164.433 ms PostmanRuntime/7.32.3
14-07-2023  19:09:23 POST /auth/login 200 128.889 ms PostmanRuntime/7.32.3
16-07-2023  08:17:28 GET / 404 10.774 ms Mozilla/5.0 (X11; Linux x86_64) AppleWebKit/537.36 (KHTML, like Gecko) Chrome/114.0.0.0 Safari/537.36
16-07-2023  08:19:14 POST /auth/login 200 197.480 ms PostmanRuntime/7.32.3
16-07-2023  08:26:31 POST /auth/login 200 154.656 ms PostmanRuntime/7.32.3
16-07-2023  08:26:55 GET /auth/refresh 401 1.097 ms PostmanRuntime/7.32.3
16-07-2023  08:26:59 GET /auth/refresh 401 0.608 ms PostmanRuntime/7.32.3
16-07-2023  08:27:54 GET /auth/refresh 401 4.462 ms PostmanRuntime/7.32.3
16-07-2023  08:27:56 GET /auth/refresh 401 1.893 ms PostmanRuntime/7.32.3
16-07-2023  08:28:00 POST /auth/login 200 140.109 ms PostmanRuntime/7.32.3
16-07-2023  08:28:03 GET /auth/refresh 401 0.619 ms PostmanRuntime/7.32.3
16-07-2023  08:28:54 GET /auth/refresh 401 7.348 ms PostmanRuntime/7.32.3
16-07-2023  08:29:35 GET /auth/refresh 401 7.448 ms PostmanRuntime/7.32.3
16-07-2023  08:30:02 GET /auth/refresh 401 5.621 ms PostmanRuntime/7.32.3
16-07-2023  08:30:20 GET /auth/refresh 401 5.437 ms PostmanRuntime/7.32.3
16-07-2023  08:31:14 POST /auth/login 200 121.464 ms PostmanRuntime/7.32.3
16-07-2023  08:31:20 GET /auth/refresh 401 4.322 ms PostmanRuntime/7.32.3
16-07-2023  08:42:15 POST /auth/login 200 77.807 ms PostmanRuntime/7.32.3
16-07-2023  08:42:38 GET /auth/refresh 401 0.805 ms PostmanRuntime/7.32.3
16-07-2023  08:43:16 POST /auth/login 200 126.874 ms PostmanRuntime/7.32.3
16-07-2023  08:43:38 GET /auth/refresh 401 2.580 ms PostmanRuntime/7.32.3
16-07-2023  08:46:29 GET /auth/refresh 401 27.070 ms PostmanRuntime/7.32.3
16-07-2023  08:47:21 GET /auth/refresh 401 7.416 ms PostmanRuntime/7.32.3
16-07-2023  08:52:42 GET /auth/refresh 401 7.783 ms PostmanRuntime/7.32.3
16-07-2023  08:53:05 GET /auth/refresh 401 19.100 ms PostmanRuntime/7.32.3
16-07-2023  08:54:48 GET /auth/refresh 401 6.311 ms PostmanRuntime/7.32.3
16-07-2023  08:55:18 GET /auth/refresh 401 6.076 ms PostmanRuntime/7.32.3
16-07-2023  08:55:36 GET /auth/refresh 401 5.709 ms PostmanRuntime/7.32.3
16-07-2023  08:58:00 GET /auth/refresh 200 68.962 ms PostmanRuntime/7.32.3
16-07-2023  09:23:47 POST /auth/login 200 156.356 ms PostmanRuntime/7.32.3
16-07-2023  09:24:00 GET /auth/refresh 200 20.208 ms PostmanRuntime/7.32.3
16-07-2023  09:24:03 POST /auth/logout 200 0.992 ms PostmanRuntime/7.32.3
16-07-2023  09:24:09 POST /auth/logout 204 1.026 ms PostmanRuntime/7.32.3
